################################################################################
#
# This file has been generated by SpyGlass:
#     Report Created by: gaurav
#     Report Created on: Tue Jul  7 05:25:48 2026
#     Working Directory: /home/gaurav/gaurav/amba_ahb
#     Report Location  : ./ahb_lint/ahb_top/lint/lint_rtl/spyglass_reports/SpyGlass/elab_summary.rpt
#     SpyGlass Version : SpyGlass_vU-2023.03-SP2
#     Policy Name      : SpyGlass(SpyGlass_vU-2023.03-SP2)
#     Comment          : This report contains RTL and Elaborated names along with parameter values
#
################################################################################

================================================================================
Elaborated Name: 'ahb_master'
    (RTL Design Unit name: 'ahb_master', ahb_master.v:3)
     Parameters (Total: 6)
         IDLE        = 0 (default: 3'b000)
         ADDR_PHASE  = 1 (default: 3'b001)
         DATA_PHASE  = 2 (default: 3'b010)
         WAIT_STATE  = 3 (default: 3'b011)
         BURST       = 4 (default: 3'b100)
         ERROR_STATE = 5 (default: 3'b101)
     Instances (Total: 1): ahb_top.u_master 

================================================================================

Elaborated Name: 'ahb_decoder'
    (RTL Design Unit name: 'ahb_decoder', ahb_decoder.v:3)
     Parameters (Total: 0)
     Instances (Total: 1): ahb_top.u_decoder 

================================================================================

Elaborated Name: 'WORK_ahb_slave_0_1023'
    (RTL Design Unit name: 'ahb_slave', ahb_slave.v:3)
     Parameters (Total: 7)
         BASE_ADDR   = 0 (default: 32'h00000000)
         END_ADDR    = 1023 (default: 32'h000003FF)
         IDLE        = 0 (default: 3'b000)
         READ_STATE  = 1 (default: 3'b001)
         WRITE_STATE = 2 (default: 3'b010)
         BURST_STATE = 3 (default: 3'b011)
         ERROR_STATE = 4 (default: 3'b100)
     Instances (Total: 1): ahb_top.u_slave0 

================================================================================

Elaborated Name: 'WORK_ahb_slave_1024_2047'
    (RTL Design Unit name: 'ahb_slave', ahb_slave.v:3)
     Parameters (Total: 7)
         BASE_ADDR   = 1024 (default: 32'h00000000)
         END_ADDR    = 2047 (default: 32'h000003FF)
         IDLE        = 0 (default: 3'b000)
         READ_STATE  = 1 (default: 3'b001)
         WRITE_STATE = 2 (default: 3'b010)
         BURST_STATE = 3 (default: 3'b011)
         ERROR_STATE = 4 (default: 3'b100)
     Instances (Total: 1): ahb_top.u_slave1 

================================================================================

Elaborated Name: 'WORK_ahb_slave_2048_3071'
    (RTL Design Unit name: 'ahb_slave', ahb_slave.v:3)
     Parameters (Total: 7)
         BASE_ADDR   = 2048 (default: 32'h00000000)
         END_ADDR    = 3071 (default: 32'h000003FF)
         IDLE        = 0 (default: 3'b000)
         READ_STATE  = 1 (default: 3'b001)
         WRITE_STATE = 2 (default: 3'b010)
         BURST_STATE = 3 (default: 3'b011)
         ERROR_STATE = 4 (default: 3'b100)
     Instances (Total: 1): ahb_top.u_slave2 

================================================================================

Elaborated Name: 'WORK_ahb_slave_3072_4095'
    (RTL Design Unit name: 'ahb_slave', ahb_slave.v:3)
     Parameters (Total: 7)
         BASE_ADDR   = 3072 (default: 32'h00000000)
         END_ADDR    = 4095 (default: 32'h000003FF)
         IDLE        = 0 (default: 3'b000)
         READ_STATE  = 1 (default: 3'b001)
         WRITE_STATE = 2 (default: 3'b010)
         BURST_STATE = 3 (default: 3'b011)
         ERROR_STATE = 4 (default: 3'b100)
     Instances (Total: 1): ahb_top.u_slave3 

================================================================================

Elaborated Name: 'ahb_mux'
    (RTL Design Unit name: 'ahb_mux', ahb_mux.v:3)
     Parameters (Total: 0)
     Instances (Total: 1): ahb_top.u_mux 

================================================================================

Elaborated Name: 'ahb_top'
    (RTL Design Unit name: 'ahb_top', ahb_top.v:3)
     Parameters (Total: 0)
================================================================================
