
################################################################################
#
# This file has been generated by SpyGlass:
#     Report Name      : spyglass_violations
#     Report Created by: gaurav
#     Report Created on:  Tue Jul  7 05:25:47 2026
#     Working Directory: /home/gaurav/gaurav/amba_ahb
#     SpyGlass Version : SpyGlass_vU-2023.03-SP2
#     Policy Name      : SpyGlass(SpyGlass_vU-2023.03-SP2)
#                        clock-reset(SpyGlass_vU-2023.03-SP2)
#                        erc(SpyGlass_vU-2023.03-SP2)
#                        latch(SpyGlass_vU-2023.03-SP2)
#                        lint(SpyGlass_vU-2023.03-SP2)
#                        morelint(SpyGlass_vU-2023.03-SP2)
#                        openmore(SpyGlass_vU-2023.03-SP2)
#                        power_est(SpyGlass_vU-2023.03-SP2)
#                        simulation(SpyGlass_vU-2023.03-SP2)
#                        starc(SpyGlass_vU-2023.03-SP2)
#                        starc2005(SpyGlass_vU-2023.03-SP2)
#                        txv(SpyGlass_vU-2023.03-SP2)
#
#     Total Number of Generated Messages :         11
#     Number of Waived Messages          :          0
#     Number of Info Messages            :          3
#     Number of Reported Messages        :          8
#     Number of Overlimit Messages       :          0
#
#
################################################################################

+++++++++++++++++++++++++++++++++++++++++++++++++++++++++++++++++++++++
SPYGLASS_VIOLATIONS REPORT:


############### BuiltIn -> RuleGroup=Blackbox Resolution ###############
+++++++++++++++++++++++++++++++++++++++++++++++++++++++++++++++++++++++++++++++++++++++
ID       Rule                SEV_CLASS    Severity    File         Line    Wt    Message
======================================================================================
[1A]     ErrorAnalyzeBBox    ERROR        Error       ahb_top.v    154     10    UnsynthesizedDU: Design Unit 'ahb_slave' (elaborated name 'WORK_ahb_slave_0_1023') not synthesizable; SYNTH_5273 error(s) found during synthesis
[1B]     ErrorAnalyzeBBox    ERROR        Error       ahb_top.v    181     10    UnsynthesizedDU: Design Unit 'ahb_slave' (elaborated name 'WORK_ahb_slave_1024_2047') not synthesizable; SYNTH_5273 error(s) found during synthesis
[1C]     ErrorAnalyzeBBox    ERROR        Error       ahb_top.v    208     10    UnsynthesizedDU: Design Unit 'ahb_slave' (elaborated name 'WORK_ahb_slave_2048_3071') not synthesizable; SYNTH_5273 error(s) found during synthesis
[1D]     ErrorAnalyzeBBox    ERROR        Error       ahb_top.v    235     10    UnsynthesizedDU: Design Unit 'ahb_slave' (elaborated name 'WORK_ahb_slave_3072_4095') not synthesizable; SYNTH_5273 error(s) found during synthesis
+++++++++++++++++++++++++++++++++++++++++++++++++++++++++++++++++++++++++++++++++++++++


############### BuiltIn -> RuleGroup=Design Read ###############
+++++++++++++++++++++++++++++++++++++++++++++++++++++++++++++++++++++++++++++++++++++++
ID       Rule                    SEV_CLASS    Severity          File                                                                           Line    Wt      Message
======================================================================================
[1]      SYNTH_5273              ERROR        SynthesisError    ahb_slave.v                                                                    45      1000    WORK_ahb_slave_3072_4095 -> Number of bits (8192) for net/variable 'mem' is greater than mthresh value 4096. Set the 'mthresh' option to a value greater than the indicated number of bits
[3]      SYNTH_5273              ERROR        SynthesisError    ahb_slave.v                                                                    45      1000    WORK_ahb_slave_2048_3071 -> Number of bits (8192) for net/variable 'mem' is greater than mthresh value 4096. Set the 'mthresh' option to a value greater than the indicated number of bits
[4]      SYNTH_5273              ERROR        SynthesisError    ahb_slave.v                                                                    45      1000    WORK_ahb_slave_1024_2047 -> Number of bits (8192) for net/variable 'mem' is greater than mthresh value 4096. Set the 'mthresh' option to a value greater than the indicated number of bits
[5]      SYNTH_5273              ERROR        SynthesisError    ahb_slave.v                                                                    45      1000    WORK_ahb_slave_0_1023 -> Number of bits (8192) for net/variable 'mem' is greater than mthresh value 4096. Set the 'mthresh' option to a value greater than the indicated number of bits
+++++++++++++++++++++++++++++++++++++++++++++++++++++++++++++++++++++++++++++++++++++++
