
################################################################################
#
# This file has been generated by SpyGlass:
#     Report Name      : summary
#     Report Created by: gaurav
#     Report Created on:  Tue Jul  7 05:25:47 2026
#     Working Directory: /home/gaurav/gaurav/amba_ahb
#     SpyGlass Version : SpyGlass_vU-2023.03-SP2
#     Policy Name      : SpyGlass(SpyGlass_vU-2023.03-SP2)
#                        clock-reset(SpyGlass_vU-2023.03-SP2)
#                        erc(SpyGlass_vU-2023.03-SP2)
#                        latch(SpyGlass_vU-2023.03-SP2)
#                        lint(SpyGlass_vU-2023.03-SP2)
#                        morelint(SpyGlass_vU-2023.03-SP2)
#                        openmore(SpyGlass_vU-2023.03-SP2)
#                        power_est(SpyGlass_vU-2023.03-SP2)
#                        simulation(SpyGlass_vU-2023.03-SP2)
#                        starc(SpyGlass_vU-2023.03-SP2)
#                        starc2005(SpyGlass_vU-2023.03-SP2)
#                        txv(SpyGlass_vU-2023.03-SP2)
#
#     Total Number of Generated Messages :         11
#     Number of Waived Messages          :          0
#     Number of Reported Messages        :         11
#     Number of Overlimit Messages       :          0
#
#
################################################################################

+++++++++++++++++++++++++++++++++++++++++++++++++++++++++++++++++++++++++++++++
SUMMARY REPORT:


############### BuiltIn -> RuleGroup=Blackbox Resolution ###############
+++++++++++++++++++++++++++++++++++++++++++++++++++++++++++++++++++++++++++++++
Severity   Rule Name            Count Short Help                               
===============================================================================
ERROR      ErrorAnalyzeBBox     4     Reports black boxes in the design with 
                                      Error severity. 
+++++++++++++++++++++++++++++++++++++++++++++++++++++++++++++++++++++++++++++++



############### BuiltIn -> RuleGroup=Design Read ###############
+++++++++++++++++++++++++++++++++++++++++++++++++++++++++++++++++++++++++++++++
Severity   Rule Name            Count Short Help                               
===============================================================================
ERROR      SYNTH_5273           4     Number of bits for net/variable exceeds 
                                      the mthresh value 
INFO       DetectTopDesignUnits 1     Identify the top-level design units in 
                                      user design. 
INFO       ElabSummary          1     Generates Elaborated design units 
                                      Summary data 
INFO       checkCMD_mthresh     1     Reports number of modules which are not 
                                      synthesized and made black-box due to 
                                      given/default mthresh value. 
+++++++++++++++++++++++++++++++++++++++++++++++++++++++++++++++++++++++++++++++

