 
****************************************
Report : area
Design : ahb_top
Version: T-2022.03-SP5
Date   : Tue Jul  7 04:00:18 2026
****************************************

Library(s) Used:

    tsl18fs120_scl_ss (File: /mnt/c2s/cadence/Analog_tools/FOUNDRY/scl_pdk/stdlib/fs120/spc/liberty/lib_flow_ss/tsl18fs120_scl_ss.db)

Number of ports:                         1068
Number of nets:                         96151
Number of cells:                        95210
Number of combinational cells:          62262
Number of sequential cells:             32908
Number of macros/black boxes:               0
Number of buf/inv:                       4840
Number of references:                      15

Combinational area:            1360971.192218
Buf/Inv area:                    78211.600951
Noncombinational area:         1961606.850082
Macro/Black Box area:                0.000000
Net Interconnect area:          219072.477867

Total cell area:               3322578.042300
Total area:                    3541650.520167
1
